<?xml version="1.0" encoding="UTF-8"?>
<!-- Generated by org.testng.reporters.JUnitReportReporter -->
<testsuite hostname="DESKTOP-H1QCBIU" failures="0" tests="1" name="runner.RunCuke" time="0.398" errors="0" timestamp="2024-04-24T10:26:23 IST" skipped="0">
  <testcase classname="runner.RunCuke" name="runScenario" time="0.398"/>
</testsuite> <!-- runner.RunCuke -->
